{"level":"info","message":"Sunucu 1111 portunda çalışıyor http://localhost:1111"}
{"level":"info","message":"Sunucu 1111 portunda çalışıyor http://localhost:1111"}
{"level":"info","message":"Sunucu 1111 portunda çalışıyor http://localhost:1111"}
{"level":"info","message":"Sunucu 1111 portunda çalışıyor http://localhost:1111"}
{"level":"info","message":"Sunucu 1111 portunda çalışıyor http://localhost:1111"}
{"level":"info","message":"Sunucu 1111 portunda çalışıyor http://localhost:1111"}
{"level":"info","message":"Sunucu 1111 portunda çalışıyor http://localhost:1111"}
{"level":"info","message":"Sunucu 1111 portunda çalışıyor http://localhost:1111"}
{"level":"info","message":"Sunucu 1111 portunda çalışıyor http://localhost:1111"}
{"level":"info","message":"Sunucu 1111 portunda çalışıyor http://localhost:1111"}
{"level":"info","message":"Sunucu 1111 portunda çalışıyor http://localhost:1111"}
{"level":"info","message":"Sunucu 1111 portunda çalışıyor http://localhost:1111"}
{"level":"info","message":"Sunucu 1111 portunda çalışıyor http://localhost:1111"}
{"level":"info","message":{"_csrf":"Wx3EPxJh-AcQwneyyinUjZiaDYj9G3VBfr7M","author":"sdasdasd","content":"qawqewqe","header":"asdasd","tags":"asdasdasdas"}}
{"level":"info","message":"Dolu gövde alındı."}
{"level":"info","message":{"_csrf":"awQspKIX-sHClutAUORhhNgHp8gIvW_tNNVU","author":"sdasdasd","content":"asdasdas","header":"asdasd","tags":"asdasdasdas"}}
{"level":"info","message":"Dolu gövde alındı."}
{"level":"info","message":"Sunucu 1111 portunda çalışıyor http://localhost:1111"}
{"level":"info","message":{"_csrf":"MLafHNds-WxXFOSIHnlriSZliJHllzRrkGSA","author":"dasdas","content":"dasdasdas","header":"sadasdas","tags":"dasdasdas"}}
{"level":"info","message":"Dolu gövde alındı."}
{"author":"dasdas","content":"dasdasdas","header":"sadasdas","level":"info","message":"Blog başarıyla kaydedildi:","tags":"dasdasdas"}
{"level":"info","message":"Sunucu 1111 portunda çalışıyor http://localhost:1111"}
{"level":"info","message":"Sunucu 1111 portunda çalışıyor http://localhost:1111"}
{"level":"info","message":"Sunucu 1111 portunda çalışıyor http://localhost:1111"}
{"level":"info","message":"Sunucu 1111 portunda çalışıyor http://localhost:1111"}
{"level":"info","message":"Sunucu 1111 portunda çalışıyor http://localhost:1111"}
{"level":"info","message":"Sunucu 1111 portunda çalışıyor http://localhost:1111"}
{"level":"info","message":"Sunucu 1111 portunda çalışıyor http://localhost:1111"}
{"level":"info","message":"Sunucu 1111 portunda çalışıyor http://localhost:1111"}
{"level":"info","message":"Sunucu 1111 portunda çalışıyor http://localhost:1111"}
